M00001	M00001:Glycolysis (Embden-Meyerhof pathway), glucose => pyruvate
M00002	M00002:Glycolysis, core module involving three-carbon compounds
M00003	M00003:Gluconeogenesis, oxaloacetate => fructose-6P
M00004	M00004:Pentose phosphate pathway (Pentose phosphate cycle)
M00005	M00005:PRPP biosynthesis, ribose 5P => PRPP
M00006	M00006:Pentose phosphate pathway, oxidative phase, glucose 6P => ribulose 5P
M00007	M00007:Pentose phosphate pathway, non-oxidative phase, fructose 6P => ribose 5P
M00008	M00008:Entner-Doudoroff pathway, glucose-6P => glyceraldehyde-3P + pyruvate
M00009	M00009:Citrate cycle (TCA cycle, Krebs cycle)
M00010	M00010:Citrate cycle, first carbon oxidation, oxaloacetate => 2-oxoglutarate
M00011	M00011:Citrate cycle, second carbon oxidation, 2-oxoglutarate => oxaloacetate
M00012	M00012:Glyoxylate cycle
M00013	M00013:Malonate semialdehyde pathway, propanoyl-CoA => Acetyl-CoA
M00014	M00014:Glucuronate pathway (uronate pathway)
M00015	M00015:Proline biosynthesis, glutamate => proline
M00016	M00016:Lysine biosynthesis, succinyl-DAP pathway, aspartate => lysine
M00017	M00017:Methionine biosynthesis, apartate => homoserine => methionine
M00018	M00018:Threonine biosynthesis, aspartate => homoserine => threonine
M00019	M00019:Valine/isoleucine biosynthesis, pyruvate => valine / 2-oxobutanoate => isoleucine
M00020	M00020:Serine biosynthesis, glycerate-3P => serine
M00021	M00021:Cysteine biosynthesis, serine => cysteine
M00022	M00022:Shikimate pathway, phosphoenolpyruvate + erythrose-4P => chorismate
M00023	M00023:Tryptophan biosynthesis, chorismate => tryptophan
M00026	M00026:Histidine biosynthesis, PRPP => histidine
M00027	M00027:GABA (gamma-Aminobutyrate) shunt
M00028	M00028:Ornithine biosynthesis, glutamate => ornithine
M00029	M00029:Urea cycle
M00031	M00031:Lysine biosynthesis, 2-aminoadipate => lysine
M00033	M00033:Ectoine biosynthesis, aspartate => ectoine
M00034	M00034:Methionine salvage pathway
M00035	M00035:Methionine degradation
M00036	M00036:Leucine degradation, leucine => acetoacetate + acetyl-CoA
M00037	M00037:Melatonin biosynthesis, tryptophan => serotonin => melatonin
M00038	M00038:Tryptophan metabolism, tryptophan => kynurenine => 2-aminomuconate
M00040	M00040:Tyrosine biosynthesis, prephanate => pretyrosine => tyrosine
M00044	M00044:Tyrosine degradation, tyrosine => homogentisate
M00045	M00045:Histidine degradation, histidine => N-formiminoglutamate => glutamate
M00046	M00046:Pyrimidine degradation, uracil => beta-alanine, thymine => 3-aminoisobutanoate
M00047	M00047:Creatine pathway
M00048	M00048:Inosine monophosphate biosynthesis, PRPP + glutamine => IMP
M00049	M00049:Adenine ribonucleotide biosynthesis, IMP => ADP,ATP
M00050	M00050:Guanine ribonucleotide biosynthesis IMP => GDP,GTP
M00051	M00051:Uridine monophosphate biosynthesis, glutamine (+ PRPP) => UMP
M00052	M00052:Pyrimidine ribonucleotide biosynthesis, UMP => UDP/UTP,CDP/CTP
M00053	M00053:Pyrimidine deoxyribonuleotide biosynthesis, CDP/CTP => dCDP/dCTP,dTDP/dTTP
M00060	M00060:Lipopolysaccharide biosynthesis, KDO2-lipid A
M00061	M00061:Uronic acid metabolism
M00063	M00063:CMP-KDO biosynthesis
M00064	M00064:ADP-L-glycero-D-manno-heptose biosynthesis
M00066	M00066:Lactosylceramide biosynthesis
M00076	M00076:Dermatan sulfate degradation
M00077	M00077:Chondroitin sulfate degradation
M00079	M00079:Keratan sulfate degradation
M00080	M00080:Lipopolysaccharide biosynthesis, inner core => outer core => O-antigen
M00081	M00081:Pectin degradation
M00082	M00082:Fatty acid biosynthesis, initiation
M00083	M00083:Fatty acid biosynthesis, elongation
M00086	M00086:beta-Oxidation, acyl-CoA synthesis
M00088	M00088:Ketone body biosynthesis, acetyl-CoA => acetoacetate/3-hydroxybutyrate/acetone
M00091	M00091:Phosphatidylcholine (PC) biosynthesis, PE => PC
M00093	M00093:Phosphatidylethanolamine (PE) biosynthesis, PA => PS => PE
M00095	M00095:C5 isoprenoid biosynthesis, mevalonate pathway
M00096	M00096:C5 isoprenoid biosynthesis, non-mevalonate pathway
M00097	M00097:beta-Carotene biosynthesis, GGAP => beta-carotene
M00107	M00107:Steroid hormone biosynthesis, cholesterol => prognenolone => progesterone
M00110	M00110:C19/C18-Steroid hormone biosynthesis, pregnenolone => androstenedione => estrone
M00112	M00112:Tocopherol biosynthesis
M00115	M00115:NAD biosynthesis, aspartate => NAD
M00116	M00116:Menaquinone biosynthesis, chorismate => menaquinone
M00117	M00117:Ubiquinone biosynthesis, prokaryotes, chorismate => ubiquinone
M00118	M00118:Glutathione biosynthesis, glutamate => glutathione
M00119	M00119:Pantothenate biosynthesis, valine/L-aspartate => pantothenate
M00120	M00120:Coenzyme A biosynthesis, pantothenate => CoA
M00121	M00121:Heme biosynthesis, glutamate => protoheme/siroheme
M00122	M00122:Cobalamin biosynthesis, cobinamide => cobalamin
M00123	M00123:Biotin biosynthesis, pimeloyl-ACP/CoA => biotin
M00124	M00124:Pyridoxal biosynthesis, erythrose-4P => pyridoxal-5P
M00125	M00125:Riboflavin biosynthesis, GTP => riboflavin/FMN/FAD
M00126	M00126:Tetrahydrofolate biosynthesis, GTP => THF
M00127	M00127:Thiamine biosynthesis, AIR => thiamine-P/thiamine-2P
M00128	M00128:Ubiquinone biosynthesis, eukaryotes, chorismate => ubiquinone
M00129	M00129:Ascorbate biosynthesis, animals, glucose-1P => ascorbate
M00133	M00133:Polyamine biosynthesis, arginine => agmatine => putrescine => spermidine
M00134	M00134:Polyamine biosynthesis, arginine => ornithine => putrescine
M00135	M00135:GABA biosynthesis, eukaryotes, putrescine => GABA
M00136	M00136:GABA biosynthesis, prokaryotes, putrescine => GABA
M00140	M00140:C1-unit interconversion, prokaryotes
M00141	M00141:C1-unit interconversion, eukaryotes
M00144	M00144:NADH:quinone oxidoreductase, prokaryotes
M00145	M00145:NAD(P)H:quinone oxidoreductase, chloroplasts and cyanobacteria
M00149	M00149:Succinate dehydrogenase, prokaryotes
M00150	M00150:Fumarate reductase, prokaryotes
M00151	M00151:Cytochrome bc1 complex respiratory unit
M00152	M00152:Cytochrome bc1 complex
M00153	M00153:Cytochrome d ubiquinol oxidase
M00155	M00155:Cytochrome c oxidase, prokaryotes
M00156	M00156:Cytochrome c oxidase, cbb3-type
M00157	M00157:F-type ATPase, prokaryotes and chloroplasts
M00159	M00159:V-type ATPase, prokaryotes
M00161	M00161:Photosystem II
M00162	M00162:Cytochrome b6f complex
M00163	M00163:Photosystem I
M00165	M00165:Reductive pentose phosphate cycle (Calvin cycle)
M00168	M00168:CAM (Crassulacean acid metabolism), dark
M00169	M00169:CAM (Crassulacean acid metabolism), light
M00170	M00170:C4-dicarboxylic acid cycle, phosphoenolpyruvate carboxykinase type
M00172	M00172:C4-dicarboxylic acid cycle, NADP+ -malic enzyme type
M00173	M00173:Reductive citrate cycle (Arnon-Buchanan cycle)
M00174	M00174:Methane oxidation, methanotroph, methane => formaldehyde
M00175	M00175:Nitrogen fixation, nitrogen => ammonia
M00176	M00176:Assimilatory sulfate reduction, sulfate => H2S
M00178	M00178:Ribosome, bacteria
M00179	M00179:Ribosome, archaea
M00183	M00183:RNA polymerase, bacteria
M00185	M00185:Sulfate transport system
M00186	M00186:Tungstate transport system
M00188	M00188:NitT/TauT family transport system
M00189	M00189:Molybdate transport system
M00190	M00190:Iron(III) transport system
M00191	M00191:Thiamine transport system
M00192	M00192:Putative thiamine transport system
M00193	M00193:Putative spermidine/putrescine transport system
M00194	M00194:Maltose/maltodextrin transport system
M00196	M00196:Multiple sugar transport system
M00198	M00198:Putative sn-glycerol-phosphate transport system
M00199	M00199:L-Arabinose/lactose transport system
M00200	M00200:Putative sorbitol/mannitol transport system
M00201	M00201:alpha-Glucoside transport system
M00202	M00202:Oligogalacturonide transport system
M00204	M00204:Trehalose/maltose transport system
M00205	M00205:N-Acetylglucosamine transport system
M00206	M00206:Cellobiose transport system
M00207	M00207:Putative multiple sugar transport system
M00208	M00208:Glycine betaine/proline transport system
M00209	M00209:Osmoprotectant transport system
M00210	M00210:Putative ABC transport system
M00211	M00211:Putative ABC transport system
M00212	M00212:Ribose transport system
M00213	M00213:L-Arabinose transport system
M00214	M00214:Methyl-galactoside transport system
M00215	M00215:D-Xylose transport system
M00216	M00216:Multiple sugar transport system
M00217	M00217:D-Allose transport system
M00218	M00218:Fructose transport system
M00219	M00219:AI-2 transport system
M00220	M00220:Rhamnose transport system
M00221	M00221:Putative simple sugar transport system
M00222	M00222:Phosphate transport system
M00223	M00223:Phosphonate transport system
M00224	M00224:Fluoroquinolones transport system
M00225	M00225:Lysine/arginine/ornithine transport system
M00226	M00226:Histidine transport system
M00227	M00227:Glutamine transport system
M00228	M00228:Putative glutamine transport system
M00229	M00229:Arginine transport system
M00230	M00230:Glutamate/aspartate transport system
M00231	M00231:Octopine/nopaline transport system
M00232	M00232:General L-amino acid transport system
M00233	M00233:Glutamate transport system
M00234	M00234:Cystine transport system
M00235	M00235:Arginine/ornithine transport system
M00236	M00236:Putative polar amino acid transport system
M00237	M00237:Branched-chain amino acid transport system
M00238	M00238:D-Methionine transport system
M00239	M00239:Peptides/nickel transport system
M00240	M00240:Iron complex transport system
M00241	M00241:Vitamin B12 transport system
M00242	M00242:Zinc transport system
M00243	M00243:Manganese/iron transport system
M00244	M00244:Putative zinc/manganese transport system
M00245	M00245:Cobalt/nickel transport system
M00246	M00246:Nickel transport system
M00247	M00247:Putative ABC transport system
M00248	M00248:Putative antibiotic transport system
M00249	M00249:Capsular polysaccharide transport system
M00250	M00250:Lipopolysaccharide transport system
M00251	M00251:Teichoic acid transport system
M00252	M00252:Lipooligosaccharide transport system
M00253	M00253:Sodium transport system
M00254	M00254:ABC-2 type transport system
M00255	M00255:Lipoprotein-releasing system
M00256	M00256:Cell division transport system
M00257	M00257:Hemin transport system
M00258	M00258:Putative ABC transport system
M00259	M00259:Heme transport system
M00260	M00260:DNA polymerase III complex, bacteria
M00265	M00265:PTS system, glucose-specific II component
M00266	M00266:PTS system, maltose and glucose-specific II component
M00267	M00267:PTS system, N-acetylglucosamine-specific II component
M00268	M00268:PTS system, arbutin-like II component
M00269	M00269:PTS system, sucrose-specific II component
M00270	M00270:PTS system, trehalose-specific II component
M00271	M00271:PTS system, beta-glucosides-specific II component
M00272	M00272:PTS system, arbutin-, cellobiose-, and salicin-specific II component
M00273	M00273:PTS system, fructose-specific II component
M00274	M00274:PTS system, mannitol-specific II component
M00275	M00275:PTS system, cellobiose-specific II component
M00276	M00276:PTS system, mannose-specific II component
M00277	M00277:PTS system, N-acetylgalactosamine-specific II component
M00278	M00278:PTS system, sorbose-specific II component
M00279	M00279:PTS system, galactitol-specific II component
M00280	M00280:PTS system, glucitol/sorbitol-specific II component
M00281	M00281:PTS system, lactose-specific II component
M00282	M00282:PTS system, D-glucosamine-specific II component
M00283	M00283:PTS system, ascorbate-specific II component
M00287	M00287:PTS system, galactosamine-specific II component
M00298	M00298:Multidrug/hemolysin transport system
M00299	M00299:Spermidine/putrescine transport system
M00300	M00300:Putrescine transport system
M00301	M00301:Mannopine transport system
M00302	M00302:2-Aminoethylphosphonate transport system
M00303	M00303:PTS system, N-acetylmuramic acid-specific II component
M00305	M00305:PTS system, 2-O-A-mannosyl-D-glycerate-specific II component
M00306	M00306:PTS system, fructose-specific II-like component
M00307	M00307:Pyruvate oxidation, pyruvate => acetyl-CoA
M00308	M00308:Semi-phosphorylative Entner-Doudoroff pathway, gluconate => glyceraldehyde-3P + pyruvate
M00310	M00310:Pyruvate:ferredoxin oxidoreductase
M00311	M00311:2-oxoglutarate:ferredoxin oxidoreductase
M00313	M00313:indolepyruvate:ferredoxin oxidoreductase
M00314	M00314:Bacitracin transport system
M00315	M00315:Uncharacterized ABC transport system
M00316	M00316:Manganese transport system
M00317	M00317:Manganese/iron transport system
M00318	M00318:Iron/zinc/copper transport system
M00319	M00319:Manganese/zinc/iron transport system
M00320	M00320:Lipopolysaccharide export system
M00321	M00321:Bicarbonate transport system
M00322	M00322:Neutral amino acid transport system
M00323	M00323:Urea transport system
M00324	M00324:Dipeptide transport system
M00325	M00325:alpha-Hemolysin/cyclolysin transport system
M00326	M00326:RTX toxin transport system
M00328	M00328:Hemophore/metalloprotease transport system
M00330	M00330:Adhesin protein transport system
M00331	M00331:Type II general secretion system
M00332	M00332:Type III secretion system
M00333	M00333:Type IV secretion system
M00334	M00334:Type VI secretion system
M00335	M00335:Sec (secretion) system
M00336	M00336:Twin-arginine translocation (Tat) system
M00338	M00338:Cysteine biosynthesis, homocysteine => cysteine
M00339	M00339:RaxAB-RaxC type I secretion system
M00342	M00342:Bacterial proteasome
M00343	M00343:Archaeal proteasome
M00344	M00344:Formaldehyde assimilation, xylulose monophosphate pathway
M00345	M00345:Formaldehyde assimilation, ribulose monophosphate pathway
M00346	M00346:Formaldehyde assimilation, serine pathway
M00348	M00348:Glutathione transport system
M00349	M00349:Microcin C transport system
M00350	M00350:Capsaicin biosynthesis, L-Phenylalanine => Capsaicin
M00356	M00356:Methanogenesis, methanol => methane
M00358	M00358:Coenzyme M biosynthesis
M00359	M00359:Aminoacyl-tRNA biosynthesis, eukaryotes
M00360	M00360:Aminoacyl-tRNA biosynthesis, prokaryotes
M00361	M00361:Nucleotide sugar biosynthesis, eukaryotes
M00362	M00362:Nucleotide sugar biosynthesis, prokaryotes
M00364	M00364:C10-C20 isoprenoid biosynthesis, bacteria
M00365	M00365:C10-C20 isoprenoid biosynthesis, archaea
M00366	M00366:C10-C20 isoprenoid biosynthesis, plants
M00367	M00367:C10-C20 isoprenoid biosynthesis, non-plant eukaryotes
M00368	M00368:Ethylene biosynthesis, methionine => ethylene
M00373	M00373:Ethylmalonyl pathway
M00374	M00374:Dicarboxylate-hydroxybutyrate cycle
M00376	M00376:3-Hydroxypropionate bi-cycle
M00377	M00377:Reductive acetyl-CoA pathway (Wood-Ljungdahl pathway)
M00378	M00378:F420 biosynthesis
M00394	M00394:RNA degradosome
M00400	M00400:p97-Ufd1-Npl4 complex
M00416	M00416:Cytochrome aa3-600 menaquinol oxidase
M00417	M00417:Cytochrome o ubiquinol oxidase
M00422	M00422:Acetyl-CoA pathway, CO2 => acetyl-CoA
M00423	M00423:Molybdate/tungstate transport system
M00429	M00429:Competence-related DNA transformation transporter
M00432	M00432:Leucine biosynthesis, 2-oxoisovalerate => 2-oxoisocaproate
M00434	M00434:PhoR-PhoB (phosphate starvation response) two-component regulatory system
M00435	M00435:Taurine transport system
M00436	M00436:Sulfonate transport system
M00438	M00438:Nitrate/nitrite transport system
M00439	M00439:Oligopeptide transport system
M00440	M00440:Nickel transport system
M00442	M00442:Putative hydroxymethylpyrimidine transport system
M00443	M00443:SenX3-RegX3 (phosphate starvation response) two-component regulatory system
M00444	M00444:PhoQ-PhoP (magnesium transport) two-component regulatory system
M00445	M00445:EnvZ-OmpR (osmotic stress response) two-component regulatory system
M00446	M00446:RstB-RstA two-component regulatory system
M00447	M00447:CpxA-CpxR (envelope stress response) two-component regulatory system
M00448	M00448:CssS-CssR (secretion stress response) two-component regulatory system
M00449	M00449:CreC-CreB (phosphate regulation) two-component regulatory system
M00450	M00450:BaeS-BaeR (envelope stress response) two-component regulatory system
M00451	M00451:BasS-BasR (antimicrobial peptide resistance) two-component regulatory system
M00452	M00452:CusS-CusR (copper tolerance) two-component regulatory system
M00453	M00453:QseC-QseB (quorum sensing) two-component regulatory system
M00454	M00454:KdpD-KdpE (potassium transport) two-component regulatory system
M00455	M00455:TorS-TorR (TMAO respiration) two-component regulatory system
M00456	M00456:ArcB-ArcA (anoxic redox control) two-component regulatory system
M00457	M00457:TctE-TctD (tricarboxylic acid transport) two-component regulatory system
M00458	M00458:ResE-ResD (aerobic and anaerobic respiration) two-component regulatory system
M00459	M00459:VicK-VicR (cell wall metabolism) two-component regulatory system
M00460	M00460:MprB-MprA (maintenance of persistent infection) two-component regulatory system
M00461	M00461:MtrB-MtrA (osmotic stress response) two-component regulatory system
M00462	M00462:PrrB-PrrA (intracellular multiplication) two-component regulatory system
M00463	M00463:TrcS-TrcR two-component regulatory system
M00465	M00465:ManS-ManR (manganese homeostasis) two-component regulatory system
M00466	M00466:NblS-NblR (photosynthesis) two-component regulatory system
M00467	M00467:SasA-RpaAB (circadian timing mediating) two-component regulatory system
M00468	M00468:SaeS-SaeR (staphylococcal virulence regulation) two-component regulatory system
M00469	M00469:BceS-BceR (bacitracin transport) two-component regulatory system
M00471	M00471:NarX-NarL (nitrate respiration) two-component regulatory system
M00472	M00472:NarQ-NarP (nitrate respiration) two-component regulatory system
M00473	M00473:UhpB-UhpA (hexose phosphates uptake) two-component regulatory system
M00474	M00474:RcsC-RcsD-RcsB (capsule synthesis) two-component regulatory system
M00475	M00475:BarA-UvrY (central carbon metabolism) two-component regulatory system
M00476	M00476:ComP-ComA (competence) two-component regulatory system
M00477	M00477:EvgS-EvgA (acid and drug tolerance) two-component regulatory system
M00478	M00478:DegS-DegU (multicellular behavior control) two-component regulatory system
M00479	M00479:DesK-DesR (membrane lipid fluidity regulation) two-component regulatory system
M00480	M00480:VraS-VraR (cell-wall peptidoglycan synthesis) two-component regulatory system
M00481	M00481:LiaS-LiaR (cell wall stress response) two-component regulatory system
M00482	M00482:DevS-DevR (redox response) two-component regulatory system
M00483	M00483:NreB-NreC (dissimilatory nitrate/nitrite reduction) two-component regulatory system
M00484	M00484:YdfH-YdfI two-component regulatory system
M00485	M00485:KinABCDE-Spo0FA (sporulation control) two-component regulatory system
M00486	M00486:CitA-CitB (citrate fermentation) two-component regulatory system
M00487	M00487:CitS-CitT (magnesium-citrate transport) two-component regulatory system
M00488	M00488:DcuS-DcuR (C4-dicarboxylate metabolism) two-component regulatory system
M00489	M00489:DctS-DctR (C4-dicarboxylate transport) two-component regulatory system
M00490	M00490:MalK-MalR (malate transport) two-component regulatory system
M00491	M00491:Putative arabinogalactan oligomer transport system
M00492	M00492:LytS-LytR two-component regulatory system
M00493	M00493:AlgZ-AlgR (alginate production) two-component regulatory system
M00495	M00495:AgrC-AgrA (exoprotein synthesis) two-component regulatory system
M00497	M00497:GlnL-GlnG (nitrogen regulation) two-component regulatory system
M00498	M00498:NtrY-NtrX (nitrogen regulation) two-component regulatory system
M00499	M00499:HydH-HydG (metal tolerance) two-component regulatory system
M00500	M00500:AtoS-AtoC (cPHB biosynthesis) two-component regulatory system
M00501	M00501:PilS-PilR (type 4 fimbriae synthesis) two-component regulatory system
M00502	M00502:GlrK-GlrR (amino sugar metabolism) two-component regulatory system
M00503	M00503:PgtB-PgtA (phosphoglycerate transport) two-component regulatory system
M00504	M00504:DctB-DctD (C4-dicarboxylate transport) two-component regulatory system
M00505	M00505:KinB-AlgB (alginate production) two-component regulatory system
M00506	M00506:CheA-CheYBV (chemotaxis) two-component regulatory system
M00507	M00507:ChpA-ChpB/PilGH (chemosensory) two-component regulatory system
M00509	M00509:WspE-WspRF (chemosensory) two-component regulatory system
M00510	M00510:Cph1-Rcp1 (light response) two-component regulatory system
M00511	M00511:PleC-PleD (cell fate control) two-component regulatory system
M00512	M00512:CckA-CtrA/CpdR (cell cycle control) two-component regulatory system
M00513	M00513:LuxQN/CqsS-LuxU-LuxO (quorum sensing) two-component regulatory system
M00514	M00514:TtrS-TtrR (tetrathionate respiration) two-component regulatory system
M00515	M00515:FlrB-FlrC (polar flagellar synthesis) two-component regulatory system
M00517	M00517:RpfC-RpfG (cell-to-cell signaling) two-component regulatory system
M00518	M00518:GlnK-GlnL (glutamine utilization) two-component regulatory system
M00519	M00519:YesM-YesN two-component regulatory system
M00520	M00520:ChvG-ChvI (acidity sensing) two-component regulatory system
M00521	M00521:CiaH-CiaR two-component regulatory system
M00522	M00522:SalK-SalR two-component regulatory system
M00523	M00523:RegB-RegA (redox response) two-component regulatory system
M00524	M00524:FixL-FixJ (nitrogen fixation) two-component regulatory system
M00525	M00525:Lysine biosynthesis, acetyl-DAP pathway, aspartate => lysine
M00526	M00526:Lysine biosynthesis, DAP dehydrogenase pathway, aspartate => lysine
M00527	M00527:Lysine biosynthesis, DAP aminotransferase pathway, aspartate => lysine
M00529	M00529:Denitrification, nitrate => nitrogen
M00530	M00530:Dissimilatory nitrate reduction, nitrate => ammonia
M00531	M00531:Assimilatory nitrate reduction, nitrate => ammonia
M00532	M00532:Photorespiration
M00533	M00533:Homoprotocatechuate degradation, homoprotocatechuate => 2-oxohept-3-enedioate
M00535	M00535:Isoleucine biosynthesis, pyruvate => 2-oxobutanoate
M00537	M00537:Xylene degradation, xylene => methylbenzoate
M00538	M00538:Toluene degradation, toluene => benzoate
M00540	M00540:Benzoate degradation, cyclohexanecarboxylic acid =>pimeloyl-CoA
M00542	M00542:EHEC/EPEC pathogenicity signature, T3SS and effectors
M00545	M00545:Trans-cinnamate degradation, trans-cinnamate => 2-oxopent-4-enoate + fumarate
M00546	M00546:Purine degradation, xanthine => urea
M00547	M00547:Benzene/toluene degradation, benzene => catechol / toluene => 3-methylcatechol
M00548	M00548:Benzene degradation, benzene => catechol
M00549	M00549:Nucleotide sugar biosynthesis, glucose => UDP-glucose
M00550	M00550:Ascorbate degradation, ascorbate => D-xylulose-5P
M00551	M00551:Benzoate degradation, benzoate => catechol / methylbenzoate => methylcatechol
M00554	M00554:Nucleotide sugar biosynthesis, galactose => UDP-galactose
M00555	M00555:Betaine biosynthesis, choline => betaine
M00565	M00565:Trehalose biosynthesis, D-glucose 1P => trehalose
M00566	M00566:Dipeptide transport system, Firmicutes
M00568	M00568:Catechol ortho-cleavage, catechol => 3-oxoadipate
M00569	M00569:Catechol meta-cleavage, catechol => pyruvate + acetaldehyde
M00570	M00570:Isoleucine biosynthesis, threonine => 2-oxobutanoate => isoleucine
M00571	M00571:AlgE-type Mannuronan C-5-Epimerase transport system
M00572	M00572:Pimeloyl-ACP biosynthesis, BioC-BioH pathway, malonyl-ACP => pimeloyl-ACP
M00573	M00573:Biotin biosynthesis, BioI pathway, long-chain-acyl-ACP => pimeloyl-ACP => biotin
M00575	M00575:Pertussis pathogenicity signature 2, T1SS
M00577	M00577:Biotin biosynthesis, BioW pathway, pimelate => pimeloyl-CoA => biotin
M00579	M00579:Phosphate acetyltransferase-acetate kinase pathway, acetyl-CoA => acetate
M00580	M00580:Pentose phosphate pathway, archaea, fructose 6P => ribose 5P
M00581	M00581:Biotin transport system
M00582	M00582:Energy-coupling factor transport system
M00583	M00583:Putative peptide transport system
M00584	M00584:Acetoin utilization transport system
M00585	M00585:L-Cystine transport system
M00586	M00586:Putative amino-acid transport system
M00587	M00587:Arginine/lysine/histidine/glutamine transport system
M00589	M00589:Putative lysine transport system
M00590	M00590:Erythritol transport system
M00591	M00591:Putative xylitol transport system
M00592	M00592:Inositol transport system
M00593	M00593:Inositol transport system
M00596	M00596:Dissimilatory sulfate reduction, sulfate => H2S
M00597	M00597:Anoxygenic photosystem II
M00599	M00599:Inositol-phosphate transport system
M00600	M00600:alpha-1,4-Digalacturonate transport system
M00601	M00601:Predicted chitobiose transport system
M00602	M00602:Arabinosaccharide transport system
